[0406/151705.104:ERROR:process_memory_win.cc(73)] ReadMemory at 0x7ff73d480000 of 64 bytes failed: Only part of a ReadProcessMemory or WriteProcessMemory request was completed. (0x12B)
[0406/151705.105:WARNING:pe_image_reader.cc(340)] could not read dos header from C:\Program Files (x86)\Google\Chrome\Application\chrome.exe
[0406/151705.105:ERROR:process_memory_win.cc(73)] ReadMemory at 0x7ffbedb60000 of 64 bytes failed: Only part of a ReadProcessMemory or WriteProcessMemory request was completed. (0x12B)
[0406/151705.105:WARNING:pe_image_reader.cc(340)] could not read dos header from C:\windows\SYSTEM32\ntdll.dll
[0406/151705.105:ERROR:process_memory_win.cc(73)] ReadMemory at 0x7ffbebc10000 of 64 bytes failed: Only part of a ReadProcessMemory or WriteProcessMemory request was completed. (0x12B)
[0406/151705.106:WARNING:pe_image_reader.cc(340)] could not read dos header from C:\windows\System32\KERNEL32.DLL
[0406/151705.106:ERROR:process_memory_win.cc(73)] ReadMemory at 0x7ffbeaef0000 of 64 bytes failed: Only part of a ReadProcessMemory or WriteProcessMemory request was completed. (0x12B)
[0406/151705.106:WARNING:pe_image_reader.cc(340)] could not read dos header from C:\windows\System32\KERNELBASE.dll
[0406/151705.106:ERROR:process_memory_win.cc(73)] ReadMemory at 0x7ffba16e0000 of 64 bytes failed: Only part of a ReadProcessMemory or WriteProcessMemory request was completed. (0x12B)
[0406/151705.106:WARNING:pe_image_reader.cc(340)] could not read dos header from C:\Program Files (x86)\Google\Chrome\Application\80.0.3987.163\chrome_elf.dll
[0406/151705.106:ERROR:process_memory_win.cc(73)] ReadMemory at 0x7ffbe4670000 of 64 bytes failed: Only part of a ReadProcessMemory or WriteProcessMemory request was completed. (0x12B)
[0406/151705.106:WARNING:pe_image_reader.cc(340)] could not read dos header from C:\windows\SYSTEM32\VERSION.dll
[0406/151705.106:ERROR:process_memory_win.cc(73)] ReadMemory at 0x7ffbed460000 of 64 bytes failed: Only part of a ReadProcessMemory or WriteProcessMemory request was completed. (0x12B)
[0406/151705.106:WARNING:pe_image_reader.cc(340)] could not read dos header from C:\windows\System32\msvcrt.dll
[0406/151705.106:ERROR:process_memory_win.cc(73)] ReadMemory at 0x7ffbeac20000 of 64 bytes failed: Only part of a ReadProcessMemory or WriteProcessMemory request was completed. (0x12B)
[0406/151705.107:WARNING:pe_image_reader.cc(340)] could not read dos header from C:\windows\System32\bcryptPrimitives.dll
[0406/151705.107:ERROR:process_memory_win.cc(73)] ReadMemory at 0x7ffbebcf0000 of 64 bytes failed: Only part of a ReadProcessMemory or WriteProcessMemory request was completed. (0x12B)
[0406/151705.107:WARNING:pe_image_reader.cc(340)] could not read dos header from C:\windows\System32\ADVAPI32.dll
[0406/151705.107:ERROR:process_memory_win.cc(73)] ReadMemory at 0x7ffbec0e0000 of 64 bytes failed: Only part of a ReadProcessMemory or WriteProcessMemory request was completed. (0x12B)
[0406/151705.107:WARNING:pe_image_reader.cc(340)] could not read dos header from C:\windows\System32\sechost.dll
[0406/151705.107:ERROR:process_memory_win.cc(73)] ReadMemory at 0x7ffbec260000 of 64 bytes failed: Only part of a ReadProcessMemory or WriteProcessMemory request was completed. (0x12B)
[0406/151705.107:WARNING:pe_image_reader.cc(340)] could not read dos header from C:\windows\System32\RPCRT4.dll
[0406/151705.107:ERROR:process_memory_win.cc(73)] ReadMemory at 0x7ffb8a3c0000 of 64 bytes failed: Only part of a ReadProcessMemory or WriteProcessMemory request was completed. (0x12B)
[0406/151705.107:WARNING:pe_image_reader.cc(340)] could not read dos header from C:\Program Files (x86)\Google\Chrome\Application\80.0.3987.163\chrome.dll
[0406/151705.107:ERROR:process_memory_win.cc(73)] ReadMemory at 0x7ffbec550000 of 64 bytes failed: Only part of a ReadProcessMemory or WriteProcessMemory request was completed. (0x12B)
[0406/151705.107:WARNING:pe_image_reader.cc(340)] could not read dos header from C:\windows\System32\WS2_32.dll
[0406/151705.107:ERROR:process_memory_win.cc(73)] ReadMemory at 0x7ffbecaf0000 of 64 bytes failed: Only part of a ReadProcessMemory or WriteProcessMemory request was completed. (0x12B)
[0406/151705.107:WARNING:pe_image_reader.cc(340)] could not read dos header from C:\windows\System32\OLEAUT32.dll
[0406/151705.107:ERROR:process_memory_win.cc(73)] ReadMemory at 0x7ffbebb70000 of 64 bytes failed: Only part of a ReadProcessMemory or WriteProcessMemory request was completed. (0x12B)
[0406/151705.107:WARNING:pe_image_reader.cc(340)] could not read dos header from C:\windows\System32\msvcp_win.dll
[0406/151705.107:ERROR:process_memory_win.cc(73)] ReadMemory at 0x7ffbeaca0000 of 64 bytes failed: Only part of a ReadProcessMemory or WriteProcessMemory request was completed. (0x12B)
[0406/151705.107:WARNING:pe_image_reader.cc(340)] could not read dos header from C:\windows\System32\ucrtbase.dll
[0406/151705.107:ERROR:process_memory_win.cc(73)] ReadMemory at 0x7ffbebda0000 of 64 bytes failed: Only part of a ReadProcessMemory or WriteProcessMemory request was completed. (0x12B)
[0406/151705.107:WARNING:pe_image_reader.cc(340)] could not read dos header from C:\windows\System32\combase.dll
[0406/151705.107:ERROR:process_memory_win.cc(73)] ReadMemory at 0x7ffbebae0000 of 64 bytes failed: Only part of a ReadProcessMemory or WriteProcessMemory request was completed. (0x12B)
[0406/151705.107:WARNING:pe_image_reader.cc(340)] could not read dos header from C:\windows\System32\WINTRUST.dll
[0406/151705.107:ERROR:process_memory_win.cc(73)] ReadMemory at 0x7ffbeaad0000 of 64 bytes failed: Only part of a ReadProcessMemory or WriteProcessMemory request was completed. (0x12B)
[0406/151705.107:WARNING:pe_image_reader.cc(340)] could not read dos header from C:\windows\System32\MSASN1.dll
[0406/151705.108:ERROR:process_memory_win.cc(73)] ReadMemory at 0x7ffbeada0000 of 64 bytes failed: Only part of a ReadProcessMemory or WriteProcessMemory request was completed. (0x12B)
[0406/151705.108:WARNING:pe_image_reader.cc(340)] could not read dos header from C:\windows\System32\CRYPT32.dll
[0406/151705.108:ERROR:process_memory_win.cc(73)] ReadMemory at 0x7ffbe9fa0000 of 64 bytes failed: Only part of a ReadProcessMemory or WriteProcessMemory request was completed. (0x12B)
[0406/151705.108:WARNING:pe_image_reader.cc(340)] could not read dos header from C:\windows\SYSTEM32\IPHLPAPI.DLL
[0406/151705.108:ERROR:process_memory_win.cc(73)] ReadMemory at 0x7ffbe6490000 of 64 bytes failed: Only part of a ReadProcessMemory or WriteProcessMemory request was completed. (0x12B)
[0406/151705.108:WARNING:pe_image_reader.cc(340)] could not read dos header from C:\windows\SYSTEM32\WINMM.dll
[0406/151705.108:ERROR:process_memory_win.cc(73)] ReadMemory at 0x7ffbc37a0000 of 64 bytes failed: Only part of a ReadProcessMemory or WriteProcessMemory request was completed. (0x12B)
[0406/151705.108:WARNING:pe_image_reader.cc(340)] could not read dos header from C:\windows\SYSTEM32\Secur32.dll
[0406/151705.108:ERROR:process_memory_win.cc(73)] ReadMemory at 0x7ffbea940000 of 64 bytes failed: Only part of a ReadProcessMemory or WriteProcessMemory request was completed. (0x12B)
[0406/151705.108:WARNING:pe_image_reader.cc(340)] could not read dos header from C:\windows\SYSTEM32\USERENV.dll
[0406/151705.108:ERROR:process_memory_win.cc(73)] ReadMemory at 0x7ffbeaaa0000 of 64 bytes failed: Only part of a ReadProcessMemory or WriteProcessMemory request was completed. (0x12B)
[0406/151705.108:WARNING:pe_image_reader.cc(340)] could not read dos header from C:\windows\System32\profapi.dll
[0406/151705.108:ERROR:process_memory_win.cc(73)] ReadMemory at 0x7ffbc57c0000 of 64 bytes failed: Only part of a ReadProcessMemory or WriteProcessMemory request was completed. (0x12B)
[0406/151705.108:WARNING:pe_image_reader.cc(340)] could not read dos header from C:\windows\SYSTEM32\UIAutomationCore.DLL
[0406/151705.108:ERROR:process_memory_win.cc(73)] ReadMemory at 0x7ffbce3a0000 of 64 bytes failed: Only part of a ReadProcessMemory or WriteProcessMemory request was completed. (0x12B)
[0406/151705.108:WARNING:pe_image_reader.cc(340)] could not read dos header from C:\windows\SYSTEM32\DWrite.dll
[0406/151705.108:ERROR:process_memory_win.cc(73)] ReadMemory at 0x7ffbd3d30000 of 64 bytes failed: Only part of a ReadProcessMemory or WriteProcessMemory request was completed. (0x12B)
[0406/151705.108:WARNING:pe_image_reader.cc(340)] could not read dos header from C:\windows\SYSTEM32\WINSPOOL.DRV
[0406/151705.108:ERROR:process_memory_win.cc(73)] ReadMemory at 0x7ffbeaa80000 of 64 bytes failed: Only part of a ReadProcessMemory or WriteProcessMemory request was completed. (0x12B)
[0406/151705.108:WARNING:pe_image_reader.cc(340)] could not read dos header from C:\windows\System32\kernel.appcore.dll
[0406/151705.109:ERROR:process_memory_win.cc(73)] ReadMemory at 0x7ffbeaaf0000 of 64 bytes failed: Only part of a ReadProcessMemory or WriteProcessMemory request was completed. (0x12B)
[0406/151705.109:WARNING:pe_image_reader.cc(340)] could not read dos header from C:\windows\System32\bcrypt.dll
[0406/151705.109:ERROR:process_memory_win.cc(73)] ReadMemory at 0x7ffbe93f0000 of 64 bytes failed: Only part of a ReadProcessMemory or WriteProcessMemory request was completed. (0x12B)
[0406/151705.109:WARNING:pe_image_reader.cc(340)] could not read dos header from C:\windows\SYSTEM32\dbghelp.dll
[0406/151705.109:ERROR:process_memory_win.cc(73)] ReadMemory at 0x7ffbe4680000 of 64 bytes failed: Only part of a ReadProcessMemory or WriteProcessMemory request was completed. (0x12B)
[0406/151705.109:WARNING:pe_image_reader.cc(340)] could not read dos header from C:\windows\SYSTEM32\WINHTTP.dll
[0406/151705.109:ERROR:process_memory_win.cc(73)] ReadMemory at 0x7ffbe3790000 of 64 bytes failed: Only part of a ReadProcessMemory or WriteProcessMemory request was completed. (0x12B)
[0406/151705.109:WARNING:pe_image_reader.cc(340)] could not read dos header from C:\windows\SYSTEM32\dhcpcsvc.DLL
[0406/151705.109:ERROR:process_memory_win.cc(73)] ReadMemory at 0x7ffbecbc0000 of 64 bytes failed: Only part of a ReadProcessMemory or WriteProcessMemory request was completed. (0x12B)
[0406/151705.109:WARNING:pe_image_reader.cc(340)] could not read dos header from C:\windows\System32\NSI.dll
[0406/151705.109:ERROR:process_memory_win.cc(73)] ReadMemory at 0x7ffbe6460000 of 64 bytes failed: Only part of a ReadProcessMemory or WriteProcessMemory request was completed. (0x12B)
[0406/151705.109:WARNING:pe_image_reader.cc(340)] could not read dos header from C:\windows\SYSTEM32\WINMMBASE.dll
[0406/151705.109:ERROR:process_memory_win.cc(73)] ReadMemory at 0x7ffbeab20000 of 64 bytes failed: Only part of a ReadProcessMemory or WriteProcessMemory request was completed. (0x12B)
[0406/151705.109:WARNING:pe_image_reader.cc(340)] could not read dos header from C:\windows\System32\cfgmgr32.dll
[0406/151705.109:ERROR:process_memory_win.cc(73)] ReadMemory at 0x7ffbe8720000 of 64 bytes failed: Only part of a ReadProcessMemory or WriteProcessMemory request was completed. (0x12B)
[0406/151705.109:WARNING:pe_image_reader.cc(340)] could not read dos header from C:\windows\SYSTEM32\PROPSYS.dll
[0406/151705.109:ERROR:process_memory_win.cc(73)] ReadMemory at 0x7ffbed780000 of 64 bytes failed: Only part of a ReadProcessMemory or WriteProcessMemory request was completed. (0x12B)
[0406/151705.109:WARNING:pe_image_reader.cc(340)] could not read dos header from C:\windows\System32\shcore.dll
[0406/151705.109:ERROR:process_memory_win.cc(73)] ReadMemory at 0x7ffbea910000 of 64 bytes failed: Only part of a ReadProcessMemory or WriteProcessMemory request was completed. (0x12B)
[0406/151705.109:WARNING:pe_image_reader.cc(340)] could not read dos header from C:\windows\SYSTEM32\SSPICLI.DLL
[0406/151705.109:ERROR:process_memory_win.cc(73)] ReadMemory at 0x7ffbecbd0000 of 64 bytes failed: Only part of a ReadProcessMemory or WriteProcessMemory request was completed. (0x12B)
[0406/151705.109:WARNING:pe_image_reader.cc(340)] could not read dos header from C:\windows\System32\SHELL32.dll
[0406/151705.109:ERROR:process_memory_win.cc(73)] ReadMemory at 0x7ffbeb360000 of 64 bytes failed: Only part of a ReadProcessMemory or WriteProcessMemory request was completed. (0x12B)
[0406/151705.109:WARNING:pe_image_reader.cc(340)] could not read dos header from C:\windows\System32\windows.storage.dll
[0406/151705.109:ERROR:process_memory_win.cc(73)] ReadMemory at 0x7ffbeaa30000 of 64 bytes failed: Only part of a ReadProcessMemory or WriteProcessMemory request was completed. (0x12B)
[0406/151705.109:WARNING:pe_image_reader.cc(340)] could not read dos header from C:\windows\System32\powrprof.dll
[0406/151705.109:ERROR:process_memory_win.cc(73)] ReadMemory at 0x7ffbeaa20000 of 64 bytes failed: Only part of a ReadProcessMemory or WriteProcessMemory request was completed. (0x12B)
[0406/151705.109:WARNING:pe_image_reader.cc(340)] could not read dos header from C:\windows\System32\UMPDC.dll
[0406/151705.109:ERROR:process_memory_win.cc(73)] ReadMemory at 0x7ffbed830000 of 64 bytes failed: Only part of a ReadProcessMemory or WriteProcessMemory request was completed. (0x12B)
[0406/151705.109:WARNING:pe_image_reader.cc(340)] could not read dos header from C:\windows\System32\shlwapi.dll
[0406/151705.109:ERROR:process_memory_win.cc(73)] ReadMemory at 0x7ffbeca30000 of 64 bytes failed: Only part of a ReadProcessMemory or WriteProcessMemory request was completed. (0x12B)
[0406/151705.109:WARNING:pe_image_reader.cc(340)] could not read dos header from C:\windows\System32\GDI32.dll
[0406/151705.110:ERROR:process_memory_win.cc(73)] ReadMemory at 0x7ffbebb40000 of 64 bytes failed: Only part of a ReadProcessMemory or WriteProcessMemory request was completed. (0x12B)
[0406/151705.110:WARNING:pe_image_reader.cc(340)] could not read dos header from C:\windows\System32\win32u.dll
[0406/151705.110:ERROR:process_memory_win.cc(73)] ReadMemory at 0x7ffbeb1c0000 of 64 bytes failed: Only part of a ReadProcessMemory or WriteProcessMemory request was completed. (0x12B)
[0406/151705.110:WARNING:pe_image_reader.cc(340)] could not read dos header from C:\windows\System32\gdi32full.dll
[0406/151705.110:ERROR:process_memory_win.cc(73)] ReadMemory at 0x7ffbed2c0000 of 64 bytes failed: Only part of a ReadProcessMemory or WriteProcessMemory request was completed. (0x12B)
[0406/151705.110:WARNING:pe_image_reader.cc(340)] could not read dos header from C:\windows\System32\USER32.dll
[0406/151705.110:ERROR:process_memory_win.cc(73)] ReadMemory at 0x7ffbeb1a0000 of 64 bytes failed: Only part of a ReadProcessMemory or WriteProcessMemory request was completed. (0x12B)
[0406/151705.110:WARNING:pe_image_reader.cc(340)] could not read dos header from C:\windows\System32\cryptsp.dll
[0406/151705.110:ERROR:process_memory_win.cc(73)] ReadMemory at 0x7ffbed940000 of 64 bytes failed: Only part of a ReadProcessMemory or WriteProcessMemory request was completed. (0x12B)
[0406/151705.110:WARNING:pe_image_reader.cc(340)] could not read dos header from C:\windows\System32\IMM32.DLL
[0406/151705.110:ERROR:process_memory_win.cc(73)] ReadMemory at 0x7ffbea460000 of 64 bytes failed: Only part of a ReadProcessMemory or WriteProcessMemory request was completed. (0x12B)
[0406/151705.110:WARNING:pe_image_reader.cc(340)] could not read dos header from C:\windows\SYSTEM32\CRYPTBASE.DLL
[0406/151705.110:ERROR:process_memory_win.cc(73)] ReadMemory at 0x7ff73d480000 of 64 bytes failed: Only part of a ReadProcessMemory or WriteProcessMemory request was completed. (0x12B)
[0406/151705.110:WARNING:pe_image_reader.cc(340)] could not read dos header from C:\Program Files (x86)\Google\Chrome\Application\chrome.exe
[0406/151705.110:ERROR:process_memory_win.cc(73)] ReadMemory at 0x7ffbedb60000 of 64 bytes failed: Only part of a ReadProcessMemory or WriteProcessMemory request was completed. (0x12B)
[0406/151705.110:WARNING:pe_image_reader.cc(340)] could not read dos header from C:\windows\SYSTEM32\ntdll.dll
[0406/151705.110:ERROR:process_memory_win.cc(73)] ReadMemory at 0x7ffbebc10000 of 64 bytes failed: Only part of a ReadProcessMemory or WriteProcessMemory request was completed. (0x12B)
[0406/151705.110:WARNING:pe_image_reader.cc(340)] could not read dos header from C:\windows\System32\KERNEL32.DLL
[0406/151705.110:ERROR:process_memory_win.cc(73)] ReadMemory at 0x7ffbeaef0000 of 64 bytes failed: Only part of a ReadProcessMemory or WriteProcessMemory request was completed. (0x12B)
[0406/151705.110:WARNING:pe_image_reader.cc(340)] could not read dos header from C:\windows\System32\KERNELBASE.dll
[0406/151705.110:ERROR:process_memory_win.cc(73)] ReadMemory at 0x7ffba16e0000 of 64 bytes failed: Only part of a ReadProcessMemory or WriteProcessMemory request was completed. (0x12B)
[0406/151705.110:WARNING:pe_image_reader.cc(340)] could not read dos header from C:\Program Files (x86)\Google\Chrome\Application\80.0.3987.163\chrome_elf.dll
[0406/151705.110:ERROR:process_memory_win.cc(73)] ReadMemory at 0x7ffbe4670000 of 64 bytes failed: Only part of a ReadProcessMemory or WriteProcessMemory request was completed. (0x12B)
[0406/151705.110:WARNING:pe_image_reader.cc(340)] could not read dos header from C:\windows\SYSTEM32\VERSION.dll
[0406/151705.110:ERROR:process_memory_win.cc(73)] ReadMemory at 0x7ffbed460000 of 64 bytes failed: Only part of a ReadProcessMemory or WriteProcessMemory request was completed. (0x12B)
[0406/151705.110:WARNING:pe_image_reader.cc(340)] could not read dos header from C:\windows\System32\msvcrt.dll
[0406/151705.110:ERROR:process_memory_win.cc(73)] ReadMemory at 0x7ffbeac20000 of 64 bytes failed: Only part of a ReadProcessMemory or WriteProcessMemory request was completed. (0x12B)
[0406/151705.110:WARNING:pe_image_reader.cc(340)] could not read dos header from C:\windows\System32\bcryptPrimitives.dll
[0406/151705.110:ERROR:process_memory_win.cc(73)] ReadMemory at 0x7ffbebcf0000 of 64 bytes failed: Only part of a ReadProcessMemory or WriteProcessMemory request was completed. (0x12B)
[0406/151705.110:WARNING:pe_image_reader.cc(340)] could not read dos header from C:\windows\System32\ADVAPI32.dll
[0406/151705.110:ERROR:process_memory_win.cc(73)] ReadMemory at 0x7ffbec0e0000 of 64 bytes failed: Only part of a ReadProcessMemory or WriteProcessMemory request was completed. (0x12B)
[0406/151705.110:WARNING:pe_image_reader.cc(340)] could not read dos header from C:\windows\System32\sechost.dll
[0406/151705.110:ERROR:process_memory_win.cc(73)] ReadMemory at 0x7ffbec260000 of 64 bytes failed: Only part of a ReadProcessMemory or WriteProcessMemory request was completed. (0x12B)
[0406/151705.110:WARNING:pe_image_reader.cc(340)] could not read dos header from C:\windows\System32\RPCRT4.dll
[0406/151705.111:ERROR:process_memory_win.cc(73)] ReadMemory at 0x7ffb8a3c0000 of 64 bytes failed: Only part of a ReadProcessMemory or WriteProcessMemory request was completed. (0x12B)
[0406/151705.111:WARNING:pe_image_reader.cc(340)] could not read dos header from C:\Program Files (x86)\Google\Chrome\Application\80.0.3987.163\chrome.dll
[0406/151705.111:ERROR:process_memory_win.cc(73)] ReadMemory at 0x7ffbec550000 of 64 bytes failed: Only part of a ReadProcessMemory or WriteProcessMemory request was completed. (0x12B)
[0406/151705.111:WARNING:pe_image_reader.cc(340)] could not read dos header from C:\windows\System32\WS2_32.dll
[0406/151705.111:ERROR:process_memory_win.cc(73)] ReadMemory at 0x7ffbecaf0000 of 64 bytes failed: Only part of a ReadProcessMemory or WriteProcessMemory request was completed. (0x12B)
[0406/151705.111:WARNING:pe_image_reader.cc(340)] could not read dos header from C:\windows\System32\OLEAUT32.dll
[0406/151705.111:ERROR:process_memory_win.cc(73)] ReadMemory at 0x7ffbebb70000 of 64 bytes failed: Only part of a ReadProcessMemory or WriteProcessMemory request was completed. (0x12B)
[0406/151705.111:WARNING:pe_image_reader.cc(340)] could not read dos header from C:\windows\System32\msvcp_win.dll
[0406/151705.111:ERROR:process_memory_win.cc(73)] ReadMemory at 0x7ffbeaca0000 of 64 bytes failed: Only part of a ReadProcessMemory or WriteProcessMemory request was completed. (0x12B)
[0406/151705.111:WARNING:pe_image_reader.cc(340)] could not read dos header from C:\windows\System32\ucrtbase.dll
[0406/151705.111:ERROR:process_memory_win.cc(73)] ReadMemory at 0x7ffbebda0000 of 64 bytes failed: Only part of a ReadProcessMemory or WriteProcessMemory request was completed. (0x12B)
[0406/151705.111:WARNING:pe_image_reader.cc(340)] could not read dos header from C:\windows\System32\combase.dll
[0406/151705.111:ERROR:process_memory_win.cc(73)] ReadMemory at 0x7ffbebae0000 of 64 bytes failed: Only part of a ReadProcessMemory or WriteProcessMemory request was completed. (0x12B)
[0406/151705.111:WARNING:pe_image_reader.cc(340)] could not read dos header from C:\windows\System32\WINTRUST.dll
[0406/151705.111:ERROR:process_memory_win.cc(73)] ReadMemory at 0x7ffbeaad0000 of 64 bytes failed: Only part of a ReadProcessMemory or WriteProcessMemory request was completed. (0x12B)
[0406/151705.111:WARNING:pe_image_reader.cc(340)] could not read dos header from C:\windows\System32\MSASN1.dll
[0406/151705.111:ERROR:process_memory_win.cc(73)] ReadMemory at 0x7ffbeada0000 of 64 bytes failed: Only part of a ReadProcessMemory or WriteProcessMemory request was completed. (0x12B)
[0406/151705.111:WARNING:pe_image_reader.cc(340)] could not read dos header from C:\windows\System32\CRYPT32.dll
[0406/151705.111:ERROR:process_memory_win.cc(73)] ReadMemory at 0x7ffbe9fa0000 of 64 bytes failed: Only part of a ReadProcessMemory or WriteProcessMemory request was completed. (0x12B)
[0406/151705.111:WARNING:pe_image_reader.cc(340)] could not read dos header from C:\windows\SYSTEM32\IPHLPAPI.DLL
[0406/151705.111:ERROR:process_memory_win.cc(73)] ReadMemory at 0x7ffbe6490000 of 64 bytes failed: Only part of a ReadProcessMemory or WriteProcessMemory request was completed. (0x12B)
[0406/151705.111:WARNING:pe_image_reader.cc(340)] could not read dos header from C:\windows\SYSTEM32\WINMM.dll
[0406/151705.111:ERROR:process_memory_win.cc(73)] ReadMemory at 0x7ffbc37a0000 of 64 bytes failed: Only part of a ReadProcessMemory or WriteProcessMemory request was completed. (0x12B)
[0406/151705.111:WARNING:pe_image_reader.cc(340)] could not read dos header from C:\windows\SYSTEM32\Secur32.dll
[0406/151705.111:ERROR:process_memory_win.cc(73)] ReadMemory at 0x7ffbea940000 of 64 bytes failed: Only part of a ReadProcessMemory or WriteProcessMemory request was completed. (0x12B)
[0406/151705.111:WARNING:pe_image_reader.cc(340)] could not read dos header from C:\windows\SYSTEM32\USERENV.dll
[0406/151705.111:ERROR:process_memory_win.cc(73)] ReadMemory at 0x7ffbeaaa0000 of 64 bytes failed: Only part of a ReadProcessMemory or WriteProcessMemory request was completed. (0x12B)
[0406/151705.111:WARNING:pe_image_reader.cc(340)] could not read dos header from C:\windows\System32\profapi.dll
[0406/151705.111:ERROR:process_memory_win.cc(73)] ReadMemory at 0x7ffbc57c0000 of 64 bytes failed: Only part of a ReadProcessMemory or WriteProcessMemory request was completed. (0x12B)
[0406/151705.111:WARNING:pe_image_reader.cc(340)] could not read dos header from C:\windows\SYSTEM32\UIAutomationCore.DLL
[0406/151705.111:ERROR:process_memory_win.cc(73)] ReadMemory at 0x7ffbce3a0000 of 64 bytes failed: Only part of a ReadProcessMemory or WriteProcessMemory request was completed. (0x12B)
[0406/151705.111:WARNING:pe_image_reader.cc(340)] could not read dos header from C:\windows\SYSTEM32\DWrite.dll
[0406/151705.111:ERROR:process_memory_win.cc(73)] ReadMemory at 0x7ffbd3d30000 of 64 bytes failed: Only part of a ReadProcessMemory or WriteProcessMemory request was completed. (0x12B)
[0406/151705.111:WARNING:pe_image_reader.cc(340)] could not read dos header from C:\windows\SYSTEM32\WINSPOOL.DRV
[0406/151705.111:ERROR:process_memory_win.cc(73)] ReadMemory at 0x7ffbeaa80000 of 64 bytes failed: Only part of a ReadProcessMemory or WriteProcessMemory request was completed. (0x12B)
[0406/151705.112:WARNING:pe_image_reader.cc(340)] could not read dos header from C:\windows\System32\kernel.appcore.dll
[0406/151705.112:ERROR:process_memory_win.cc(73)] ReadMemory at 0x7ffbeaaf0000 of 64 bytes failed: Only part of a ReadProcessMemory or WriteProcessMemory request was completed. (0x12B)
[0406/151705.112:WARNING:pe_image_reader.cc(340)] could not read dos header from C:\windows\System32\bcrypt.dll
[0406/151705.112:ERROR:process_memory_win.cc(73)] ReadMemory at 0x7ffbe93f0000 of 64 bytes failed: Only part of a ReadProcessMemory or WriteProcessMemory request was completed. (0x12B)
[0406/151705.112:WARNING:pe_image_reader.cc(340)] could not read dos header from C:\windows\SYSTEM32\dbghelp.dll
[0406/151705.112:ERROR:process_memory_win.cc(73)] ReadMemory at 0x7ffbe4680000 of 64 bytes failed: Only part of a ReadProcessMemory or WriteProcessMemory request was completed. (0x12B)
[0406/151705.112:WARNING:pe_image_reader.cc(340)] could not read dos header from C:\windows\SYSTEM32\WINHTTP.dll
[0406/151705.112:ERROR:process_memory_win.cc(73)] ReadMemory at 0x7ffbe3790000 of 64 bytes failed: Only part of a ReadProcessMemory or WriteProcessMemory request was completed. (0x12B)
[0406/151705.112:WARNING:pe_image_reader.cc(340)] could not read dos header from C:\windows\SYSTEM32\dhcpcsvc.DLL
[0406/151705.112:ERROR:process_memory_win.cc(73)] ReadMemory at 0x7ffbecbc0000 of 64 bytes failed: Only part of a ReadProcessMemory or WriteProcessMemory request was completed. (0x12B)
[0406/151705.112:WARNING:pe_image_reader.cc(340)] could not read dos header from C:\windows\System32\NSI.dll
[0406/151705.112:ERROR:process_memory_win.cc(73)] ReadMemory at 0x7ffbe6460000 of 64 bytes failed: Only part of a ReadProcessMemory or WriteProcessMemory request was completed. (0x12B)
[0406/151705.112:WARNING:pe_image_reader.cc(340)] could not read dos header from C:\windows\SYSTEM32\WINMMBASE.dll
[0406/151705.112:ERROR:process_memory_win.cc(73)] ReadMemory at 0x7ffbeab20000 of 64 bytes failed: Only part of a ReadProcessMemory or WriteProcessMemory request was completed. (0x12B)
[0406/151705.112:WARNING:pe_image_reader.cc(340)] could not read dos header from C:\windows\System32\cfgmgr32.dll
[0406/151705.112:ERROR:process_memory_win.cc(73)] ReadMemory at 0x7ffbe8720000 of 64 bytes failed: Only part of a ReadProcessMemory or WriteProcessMemory request was completed. (0x12B)
[0406/151705.112:WARNING:pe_image_reader.cc(340)] could not read dos header from C:\windows\SYSTEM32\PROPSYS.dll
[0406/151705.112:ERROR:process_memory_win.cc(73)] ReadMemory at 0x7ffbed780000 of 64 bytes failed: Only part of a ReadProcessMemory or WriteProcessMemory request was completed. (0x12B)
[0406/151705.112:WARNING:pe_image_reader.cc(340)] could not read dos header from C:\windows\System32\shcore.dll
[0406/151705.112:ERROR:process_memory_win.cc(73)] ReadMemory at 0x7ffbea910000 of 64 bytes failed: Only part of a ReadProcessMemory or WriteProcessMemory request was completed. (0x12B)
[0406/151705.112:WARNING:pe_image_reader.cc(340)] could not read dos header from C:\windows\SYSTEM32\SSPICLI.DLL
[0406/151705.112:ERROR:process_memory_win.cc(73)] ReadMemory at 0x7ffbecbd0000 of 64 bytes failed: Only part of a ReadProcessMemory or WriteProcessMemory request was completed. (0x12B)
[0406/151705.112:WARNING:pe_image_reader.cc(340)] could not read dos header from C:\windows\System32\SHELL32.dll
[0406/151705.112:ERROR:process_memory_win.cc(73)] ReadMemory at 0x7ffbeb360000 of 64 bytes failed: Only part of a ReadProcessMemory or WriteProcessMemory request was completed. (0x12B)
[0406/151705.112:WARNING:pe_image_reader.cc(340)] could not read dos header from C:\windows\System32\windows.storage.dll
[0406/151705.112:ERROR:process_memory_win.cc(73)] ReadMemory at 0x7ffbeaa30000 of 64 bytes failed: Only part of a ReadProcessMemory or WriteProcessMemory request was completed. (0x12B)
[0406/151705.112:WARNING:pe_image_reader.cc(340)] could not read dos header from C:\windows\System32\powrprof.dll
[0406/151705.112:ERROR:process_memory_win.cc(73)] ReadMemory at 0x7ffbeaa20000 of 64 bytes failed: Only part of a ReadProcessMemory or WriteProcessMemory request was completed. (0x12B)
[0406/151705.112:WARNING:pe_image_reader.cc(340)] could not read dos header from C:\windows\System32\UMPDC.dll
[0406/151705.112:ERROR:process_memory_win.cc(73)] ReadMemory at 0x7ffbed830000 of 64 bytes failed: Only part of a ReadProcessMemory or WriteProcessMemory request was completed. (0x12B)
[0406/151705.112:WARNING:pe_image_reader.cc(340)] could not read dos header from C:\windows\System32\shlwapi.dll
[0406/151705.112:ERROR:process_memory_win.cc(73)] ReadMemory at 0x7ffbeca30000 of 64 bytes failed: Only part of a ReadProcessMemory or WriteProcessMemory request was completed. (0x12B)
[0406/151705.112:WARNING:pe_image_reader.cc(340)] could not read dos header from C:\windows\System32\GDI32.dll
[0406/151705.112:ERROR:process_memory_win.cc(73)] ReadMemory at 0x7ffbebb40000 of 64 bytes failed: Only part of a ReadProcessMemory or WriteProcessMemory request was completed. (0x12B)
[0406/151705.112:WARNING:pe_image_reader.cc(340)] could not read dos header from C:\windows\System32\win32u.dll
[0406/151705.113:ERROR:process_memory_win.cc(73)] ReadMemory at 0x7ffbeb1c0000 of 64 bytes failed: Only part of a ReadProcessMemory or WriteProcessMemory request was completed. (0x12B)
[0406/151705.113:WARNING:pe_image_reader.cc(340)] could not read dos header from C:\windows\System32\gdi32full.dll
[0406/151705.113:ERROR:process_memory_win.cc(73)] ReadMemory at 0x7ffbed2c0000 of 64 bytes failed: Only part of a ReadProcessMemory or WriteProcessMemory request was completed. (0x12B)
[0406/151705.113:WARNING:pe_image_reader.cc(340)] could not read dos header from C:\windows\System32\USER32.dll
[0406/151705.113:ERROR:process_memory_win.cc(73)] ReadMemory at 0x7ffbeb1a0000 of 64 bytes failed: Only part of a ReadProcessMemory or WriteProcessMemory request was completed. (0x12B)
[0406/151705.113:WARNING:pe_image_reader.cc(340)] could not read dos header from C:\windows\System32\cryptsp.dll
[0406/151705.113:ERROR:process_memory_win.cc(73)] ReadMemory at 0x7ffbed940000 of 64 bytes failed: Only part of a ReadProcessMemory or WriteProcessMemory request was completed. (0x12B)
[0406/151705.113:WARNING:pe_image_reader.cc(340)] could not read dos header from C:\windows\System32\IMM32.DLL
[0406/151705.113:ERROR:process_memory_win.cc(73)] ReadMemory at 0x7ffbea460000 of 64 bytes failed: Only part of a ReadProcessMemory or WriteProcessMemory request was completed. (0x12B)
[0406/151705.113:WARNING:pe_image_reader.cc(340)] could not read dos header from C:\windows\SYSTEM32\CRYPTBASE.DLL
[0406/151705.123:ERROR:process_memory_win.cc(73)] ReadMemory at 0xf9a15f3000 of 53248 bytes failed: Only part of a ReadProcessMemory or WriteProcessMemory request was completed. (0x12B)
[0406/151705.123:ERROR:process_memory_win.cc(73)] ReadMemory at 0xf9a1dfd000 of 12288 bytes failed: Only part of a ReadProcessMemory or WriteProcessMemory request was completed. (0x12B)
[0406/151705.123:ERROR:process_memory_win.cc(73)] ReadMemory at 0xf9a25f9000 of 28672 bytes failed: Only part of a ReadProcessMemory or WriteProcessMemory request was completed. (0x12B)
[0406/151705.123:ERROR:process_memory_win.cc(73)] ReadMemory at 0xf9a2dfd000 of 12288 bytes failed: Only part of a ReadProcessMemory or WriteProcessMemory request was completed. (0x12B)
[0406/151705.123:ERROR:process_memory_win.cc(73)] ReadMemory at 0xf9a35fc000 of 16384 bytes failed: Only part of a ReadProcessMemory or WriteProcessMemory request was completed. (0x12B)
[0406/151705.123:ERROR:process_memory_win.cc(73)] ReadMemory at 0xf9a3dfe000 of 8192 bytes failed: Only part of a ReadProcessMemory or WriteProcessMemory request was completed. (0x12B)
[0406/151705.123:ERROR:process_memory_win.cc(73)] ReadMemory at 0xf9a45fd000 of 12288 bytes failed: Only part of a ReadProcessMemory or WriteProcessMemory request was completed. (0x12B)
[0406/151705.123:ERROR:process_memory_win.cc(73)] ReadMemory at 0xf9a4dfb000 of 20480 bytes failed: Only part of a ReadProcessMemory or WriteProcessMemory request was completed. (0x12B)
[0406/151705.123:ERROR:process_memory_win.cc(73)] ReadMemory at 0xf9a55fd000 of 12288 bytes failed: Only part of a ReadProcessMemory or WriteProcessMemory request was completed. (0x12B)
[0406/151705.124:ERROR:process_memory_win.cc(73)] ReadMemory at 0xf9a5dfd000 of 12288 bytes failed: Only part of a ReadProcessMemory or WriteProcessMemory request was completed. (0x12B)
[0406/151705.124:ERROR:process_memory_win.cc(73)] ReadMemory at 0xf9a65fd000 of 12288 bytes failed: Only part of a ReadProcessMemory or WriteProcessMemory request was completed. (0x12B)
[0406/151705.124:ERROR:process_memory_win.cc(73)] ReadMemory at 0xf9a6dfd000 of 12288 bytes failed: Only part of a ReadProcessMemory or WriteProcessMemory request was completed. (0x12B)
[0406/151705.124:ERROR:process_memory_win.cc(73)] ReadMemory at 0xf9a75fd000 of 12288 bytes failed: Only part of a ReadProcessMemory or WriteProcessMemory request was completed. (0x12B)
[0406/151705.124:ERROR:process_memory_win.cc(73)] ReadMemory at 0xf9a7dfd000 of 12288 bytes failed: Only part of a ReadProcessMemory or WriteProcessMemory request was completed. (0x12B)
[0406/151705.124:ERROR:process_memory_win.cc(73)] ReadMemory at 0xf9a85fd000 of 12288 bytes failed: Only part of a ReadProcessMemory or WriteProcessMemory request was completed. (0x12B)
[0406/151705.124:ERROR:process_memory_win.cc(73)] ReadMemory at 0xf9a8dfa000 of 24576 bytes failed: Only part of a ReadProcessMemory or WriteProcessMemory request was completed. (0x12B)
[0406/151705.124:ERROR:process_memory_win.cc(73)] ReadMemory at 0xf9a95fd000 of 12288 bytes failed: Only part of a ReadProcessMemory or WriteProcessMemory request was completed. (0x12B)
[0406/151705.124:ERROR:process_memory_win.cc(73)] ReadMemory at 0xf9a0d50000 of 852 bytes failed: Only part of a ReadProcessMemory or WriteProcessMemory request was completed. (0x12B)
[0406/151705.124:ERROR:process_memory_win.cc(73)] ReadMemory at 0xf9a0d51000 of 6024 bytes failed: Only part of a ReadProcessMemory or WriteProcessMemory request was completed. (0x12B)
[0406/151705.124:ERROR:process_memory_win.cc(73)] ReadMemory at 0xf9a0d53000 of 6024 bytes failed: Only part of a ReadProcessMemory or WriteProcessMemory request was completed. (0x12B)
[0406/151705.125:ERROR:process_memory_win.cc(73)] ReadMemory at 0xf9a0d55000 of 6024 bytes failed: Only part of a ReadProcessMemory or WriteProcessMemory request was completed. (0x12B)
[0406/151705.125:ERROR:process_memory_win.cc(73)] ReadMemory at 0xf9a0d57000 of 6024 bytes failed: Only part of a ReadProcessMemory or WriteProcessMemory request was completed. (0x12B)
[0406/151705.125:ERROR:process_memory_win.cc(73)] ReadMemory at 0xf9a0d59000 of 6024 bytes failed: Only part of a ReadProcessMemory or WriteProcessMemory request was completed. (0x12B)
[0406/151705.125:ERROR:process_memory_win.cc(73)] ReadMemory at 0xf9a0d5b000 of 6024 bytes failed: Only part of a ReadProcessMemory or WriteProcessMemory request was completed. (0x12B)
[0406/151705.125:ERROR:process_memory_win.cc(73)] ReadMemory at 0xf9a0d5d000 of 6024 bytes failed: Only part of a ReadProcessMemory or WriteProcessMemory request was completed. (0x12B)
[0406/151705.125:ERROR:process_memory_win.cc(73)] ReadMemory at 0xf9a0d5f000 of 6024 bytes failed: Only part of a ReadProcessMemory or WriteProcessMemory request was completed. (0x12B)
[0406/151705.125:ERROR:process_memory_win.cc(73)] ReadMemory at 0xf9a0d61000 of 6024 bytes failed: Only part of a ReadProcessMemory or WriteProcessMemory request was completed. (0x12B)
[0406/151705.125:ERROR:process_memory_win.cc(73)] ReadMemory at 0xf9a0d63000 of 6024 bytes failed: Only part of a ReadProcessMemory or WriteProcessMemory request was completed. (0x12B)
[0406/151705.125:ERROR:process_memory_win.cc(73)] ReadMemory at 0xf9a0d65000 of 6024 bytes failed: Only part of a ReadProcessMemory or WriteProcessMemory request was completed. (0x12B)
[0406/151705.125:ERROR:process_memory_win.cc(73)] ReadMemory at 0xf9a0d67000 of 6024 bytes failed: Only part of a ReadProcessMemory or WriteProcessMemory request was completed. (0x12B)
[0406/151705.125:ERROR:process_memory_win.cc(73)] ReadMemory at 0xf9a0d69000 of 6024 bytes failed: Only part of a ReadProcessMemory or WriteProcessMemory request was completed. (0x12B)
[0406/151705.125:ERROR:process_memory_win.cc(73)] ReadMemory at 0xf9a0d6b000 of 6024 bytes failed: Only part of a ReadProcessMemory or WriteProcessMemory request was completed. (0x12B)
[0406/151705.125:ERROR:process_memory_win.cc(73)] ReadMemory at 0xf9a0d6d000 of 6024 bytes failed: Only part of a ReadProcessMemory or WriteProcessMemory request was completed. (0x12B)
[0406/151705.126:ERROR:process_memory_win.cc(73)] ReadMemory at 0xf9a0d6f000 of 6024 bytes failed: Only part of a ReadProcessMemory or WriteProcessMemory request was completed. (0x12B)
[0406/151705.126:ERROR:process_memory_win.cc(73)] ReadMemory at 0xf9a0d71000 of 6024 bytes failed: Only part of a ReadProcessMemory or WriteProcessMemory request was completed. (0x12B)
[0406/151705.126:ERROR:process_memory_win.cc(73)] ReadMemory at 0x2a5f0b90750 of 80 bytes failed: Only part of a ReadProcessMemory or WriteProcessMemory request was completed. (0x12B)
[0406/151705.126:ERROR:process_memory_win.cc(73)] ReadMemory at 0x2a5f0b90fe0 of 4826 bytes failed: Only part of a ReadProcessMemory or WriteProcessMemory request was completed. (0x12B)
[0406/151705.126:ERROR:process_memory_win.cc(73)] ReadMemory at 0x2a5f0b922d0 of 1012 bytes failed: Only part of a ReadProcessMemory or WriteProcessMemory request was completed. (0x12B)
[0406/151705.126:ERROR:process_memory_win.cc(73)] ReadMemory at 0x2a5f0b92918 of 118 bytes failed: Only part of a ReadProcessMemory or WriteProcessMemory request was completed. (0x12B)
[0406/151705.126:ERROR:process_memory_win.cc(73)] ReadMemory at 0x2a5f0b92990 of 1308 bytes failed: Only part of a ReadProcessMemory or WriteProcessMemory request was completed. (0x12B)
[0406/151705.126:ERROR:process_memory_win.cc(73)] ReadMemory at 0x2a5f0b92eae of 118 bytes failed: Only part of a ReadProcessMemory or WriteProcessMemory request was completed. (0x12B)
[0406/151705.126:ERROR:process_memory_win.cc(73)] ReadMemory at 0x2a5f0b92f26 of 100 bytes failed: Only part of a ReadProcessMemory or WriteProcessMemory request was completed. (0x12B)
[0406/151705.126:ERROR:process_memory_win.cc(73)] ReadMemory at 0x2a5f0b92fa0 of 58 bytes failed: Only part of a ReadProcessMemory or WriteProcessMemory request was completed. (0x12B)
[0406/151705.126:ERROR:process_memory_win.cc(73)] ReadMemory at 0x2a5f0b930a0 of 132 bytes failed: Only part of a ReadProcessMemory or WriteProcessMemory request was completed. (0x12B)
[0406/151705.126:ERROR:process_memory_win.cc(73)] ReadMemory at 0x2a5f0b93230 of 132 bytes failed: Only part of a ReadProcessMemory or WriteProcessMemory request was completed. (0x12B)
[0406/151705.126:ERROR:process_memory_win.cc(73)] ReadMemory at 0x2a5f0b933f0 of 126 bytes failed: Only part of a ReadProcessMemory or WriteProcessMemory request was completed. (0x12B)
[0406/151705.126:ERROR:process_memory_win.cc(73)] ReadMemory at 0x2a5f0b937d0 of 132 bytes failed: Only part of a ReadProcessMemory or WriteProcessMemory request was completed. (0x12B)
[0406/151705.126:ERROR:process_memory_win.cc(73)] ReadMemory at 0x2a5f0b93960 of 64 bytes failed: Only part of a ReadProcessMemory or WriteProcessMemory request was completed. (0x12B)
[0406/151705.126:ERROR:process_memory_win.cc(73)] ReadMemory at 0x2a5f0b93b20 of 132 bytes failed: Only part of a ReadProcessMemory or WriteProcessMemory request was completed. (0x12B)
[0406/151705.127:ERROR:process_memory_win.cc(73)] ReadMemory at 0x2a5f0b93dc0 of 132 bytes failed: Only part of a ReadProcessMemory or WriteProcessMemory request was completed. (0x12B)
[0406/151705.127:ERROR:process_memory_win.cc(73)] ReadMemory at 0x2a5f0b93f50 of 68 bytes failed: Only part of a ReadProcessMemory or WriteProcessMemory request was completed. (0x12B)
[0406/151705.127:ERROR:process_memory_win.cc(73)] ReadMemory at 0x2a5f0b95050 of 146 bytes failed: Only part of a ReadProcessMemory or WriteProcessMemory request was completed. (0x12B)
[0406/151705.127:ERROR:process_memory_win.cc(73)] ReadMemory at 0x2a5f0b95130 of 132 bytes failed: Only part of a ReadProcessMemory or WriteProcessMemory request was completed. (0x12B)
[0406/151705.127:ERROR:process_memory_win.cc(73)] ReadMemory at 0x2a5f0b952c0 of 154 bytes failed: Only part of a ReadProcessMemory or WriteProcessMemory request was completed. (0x12B)
[0406/151705.127:ERROR:process_memory_win.cc(73)] ReadMemory at 0x2a5f0b96bd0 of 62 bytes failed: Only part of a ReadProcessMemory or WriteProcessMemory request was completed. (0x12B)
[0406/151705.127:ERROR:process_memory_win.cc(73)] ReadMemory at 0x2a5f0b96c20 of 132 bytes failed: Only part of a ReadProcessMemory or WriteProcessMemory request was completed. (0x12B)
[0406/151705.127:ERROR:process_memory_win.cc(73)] ReadMemory at 0x2a5f0b96dc0 of 132 bytes failed: Only part of a ReadProcessMemory or WriteProcessMemory request was completed. (0x12B)
[0406/151705.127:ERROR:process_memory_win.cc(73)] ReadMemory at 0x2a5f0b96ef0 of 60 bytes failed: Only part of a ReadProcessMemory or WriteProcessMemory request was completed. (0x12B)
[0406/151705.127:ERROR:process_memory_win.cc(73)] ReadMemory at 0x2a5f0b971e0 of 132 bytes failed: Only part of a ReadProcessMemory or WriteProcessMemory request was completed. (0x12B)
[0406/151705.127:ERROR:process_memory_win.cc(73)] ReadMemory at 0x2a5f0b973f0 of 132 bytes failed: Only part of a ReadProcessMemory or WriteProcessMemory request was completed. (0x12B)
[0406/151705.127:ERROR:process_memory_win.cc(73)] ReadMemory at 0x2a5f0b97da0 of 132 bytes failed: Only part of a ReadProcessMemory or WriteProcessMemory request was completed. (0x12B)
[0406/151705.127:ERROR:process_memory_win.cc(73)] ReadMemory at 0x2a5f0b9acf0 of 62 bytes failed: Only part of a ReadProcessMemory or WriteProcessMemory request was completed. (0x12B)
[0406/151705.127:ERROR:process_memory_win.cc(73)] ReadMemory at 0x2a5f0b9aed0 of 66 bytes failed: Only part of a ReadProcessMemory or WriteProcessMemory request was completed. (0x12B)
[0406/151705.127:ERROR:process_memory_win.cc(73)] ReadMemory at 0x2a5f0b9b0b0 of 64 bytes failed: Only part of a ReadProcessMemory or WriteProcessMemory request was completed. (0x12B)
[0406/151705.127:ERROR:process_memory_win.cc(73)] ReadMemory at 0x2a5f0b9b1a0 of 64 bytes failed: Only part of a ReadProcessMemory or WriteProcessMemory request was completed. (0x12B)
[0406/151705.127:ERROR:process_memory_win.cc(73)] ReadMemory at 0x2a5f0b9b1f0 of 64 bytes failed: Only part of a ReadProcessMemory or WriteProcessMemory request was completed. (0x12B)
[0406/151705.127:ERROR:process_memory_win.cc(73)] ReadMemory at 0x2a5f0b9b240 of 60 bytes failed: Only part of a ReadProcessMemory or WriteProcessMemory request was completed. (0x12B)
[0406/151705.128:ERROR:process_memory_win.cc(73)] ReadMemory at 0x2a5f0b9b290 of 64 bytes failed: Only part of a ReadProcessMemory or WriteProcessMemory request was completed. (0x12B)
[0406/151705.128:ERROR:process_memory_win.cc(73)] ReadMemory at 0x2a5f0b9b330 of 62 bytes failed: Only part of a ReadProcessMemory or WriteProcessMemory request was completed. (0x12B)
[0406/151705.128:ERROR:process_memory_win.cc(73)] ReadMemory at 0x2a5f0b9b380 of 60 bytes failed: Only part of a ReadProcessMemory or WriteProcessMemory request was completed. (0x12B)
[0406/151705.128:ERROR:process_memory_win.cc(73)] ReadMemory at 0x2a5f0b9b750 of 76 bytes failed: Only part of a ReadProcessMemory or WriteProcessMemory request was completed. (0x12B)
[0406/151705.128:ERROR:process_memory_win.cc(73)] ReadMemory at 0x2a5f0b9b930 of 80 bytes failed: Only part of a ReadProcessMemory or WriteProcessMemory request was completed. (0x12B)
[0406/151705.128:ERROR:process_memory_win.cc(73)] ReadMemory at 0x2a5f0b9bab0 of 78 bytes failed: Only part of a ReadProcessMemory or WriteProcessMemory request was completed. (0x12B)
[0406/151705.128:ERROR:process_memory_win.cc(73)] ReadMemory at 0x2a5f0b9eca0 of 54 bytes failed: Only part of a ReadProcessMemory or WriteProcessMemory request was completed. (0x12B)
[0406/151705.128:ERROR:process_memory_win.cc(73)] ReadMemory at 0x2a5f0b9fa00 of 132 bytes failed: Only part of a ReadProcessMemory or WriteProcessMemory request was completed. (0x12B)
[0406/151705.128:ERROR:process_memory_win.cc(73)] ReadMemory at 0x2a5f0ba0ee0 of 132 bytes failed: Only part of a ReadProcessMemory or WriteProcessMemory request was completed. (0x12B)
[0406/151705.128:ERROR:process_memory_win.cc(73)] ReadMemory at 0x2a5f0ba2750 of 132 bytes failed: Only part of a ReadProcessMemory or WriteProcessMemory request was completed. (0x12B)
[0406/151705.128:ERROR:process_memory_win.cc(73)] ReadMemory at 0x2a5f0ba2aa0 of 132 bytes failed: Only part of a ReadProcessMemory or WriteProcessMemory request was completed. (0x12B)
[0406/151705.128:ERROR:process_memory_win.cc(73)] ReadMemory at 0x2a5f0ba2cc0 of 132 bytes failed: Only part of a ReadProcessMemory or WriteProcessMemory request was completed. (0x12B)
[0406/151705.128:ERROR:process_memory_win.cc(73)] ReadMemory at 0x2a5f0ba2ee0 of 132 bytes failed: Only part of a ReadProcessMemory or WriteProcessMemory request was completed. (0x12B)
[0406/151705.128:ERROR:process_memory_win.cc(73)] ReadMemory at 0x2a5f0ba4ae0 of 132 bytes failed: Only part of a ReadProcessMemory or WriteProcessMemory request was completed. (0x12B)
[0406/151705.128:ERROR:process_memory_win.cc(73)] ReadMemory at 0x2a5f0ba4c10 of 132 bytes failed: Only part of a ReadProcessMemory or WriteProcessMemory request was completed. (0x12B)
[0406/151705.128:ERROR:process_memory_win.cc(73)] ReadMemory at 0x2a5f0ba4d40 of 132 bytes failed: Only part of a ReadProcessMemory or WriteProcessMemory request was completed. (0x12B)
[0406/151705.128:ERROR:process_memory_win.cc(73)] ReadMemory at 0x2a5f0ba4e70 of 132 bytes failed: Only part of a ReadProcessMemory or WriteProcessMemory request was completed. (0x12B)
[0406/151705.128:ERROR:process_memory_win.cc(73)] ReadMemory at 0x2a5f0ba4fa0 of 132 bytes failed: Only part of a ReadProcessMemory or WriteProcessMemory request was completed. (0x12B)
[0406/151705.129:ERROR:process_memory_win.cc(73)] ReadMemory at 0x2a5f0ba50d0 of 132 bytes failed: Only part of a ReadProcessMemory or WriteProcessMemory request was completed. (0x12B)
[0406/151705.129:ERROR:process_memory_win.cc(73)] ReadMemory at 0x2a5f0ba5330 of 132 bytes failed: Only part of a ReadProcessMemory or WriteProcessMemory request was completed. (0x12B)
[0406/151705.129:ERROR:process_memory_win.cc(73)] ReadMemory at 0x2a5f0ba5460 of 132 bytes failed: Only part of a ReadProcessMemory or WriteProcessMemory request was completed. (0x12B)
[0406/151705.129:ERROR:process_memory_win.cc(73)] ReadMemory at 0x2a5f0ba5590 of 132 bytes failed: Only part of a ReadProcessMemory or WriteProcessMemory request was completed. (0x12B)
[0406/151705.129:ERROR:process_memory_win.cc(73)] ReadMemory at 0x2a5f0ba56c0 of 132 bytes failed: Only part of a ReadProcessMemory or WriteProcessMemory request was completed. (0x12B)
[0406/151705.129:ERROR:process_memory_win.cc(73)] ReadMemory at 0x2a5f0ba57f0 of 132 bytes failed: Only part of a ReadProcessMemory or WriteProcessMemory request was completed. (0x12B)
[0406/151705.129:ERROR:process_memory_win.cc(73)] ReadMemory at 0x2a5f0ba5920 of 132 bytes failed: Only part of a ReadProcessMemory or WriteProcessMemory request was completed. (0x12B)
[0406/151705.129:ERROR:process_memory_win.cc(73)] ReadMemory at 0x2a5f0ba6020 of 62 bytes failed: Only part of a ReadProcessMemory or WriteProcessMemory request was completed. (0x12B)
[0406/151705.129:ERROR:process_memory_win.cc(73)] ReadMemory at 0x2a5f0ba6070 of 62 bytes failed: Only part of a ReadProcessMemory or WriteProcessMemory request was completed. (0x12B)
[0406/151705.129:ERROR:process_memory_win.cc(73)] ReadMemory at 0x2a5f0ba6110 of 62 bytes failed: Only part of a ReadProcessMemory or WriteProcessMemory request was completed. (0x12B)
[0406/151705.129:ERROR:process_memory_win.cc(73)] ReadMemory at 0x2a5f0ba6250 of 64 bytes failed: Only part of a ReadProcessMemory or WriteProcessMemory request was completed. (0x12B)
[0406/151705.129:ERROR:process_memory_win.cc(73)] ReadMemory at 0x2a5f0ba62f0 of 64 bytes failed: Only part of a ReadProcessMemory or WriteProcessMemory request was completed. (0x12B)
[0406/151705.129:ERROR:process_memory_win.cc(73)] ReadMemory at 0x2a5f0ba6340 of 64 bytes failed: Only part of a ReadProcessMemory or WriteProcessMemory request was completed. (0x12B)
[0406/151705.129:ERROR:process_memory_win.cc(73)] ReadMemory at 0x2a5f0ba63e0 of 64 bytes failed: Only part of a ReadProcessMemory or WriteProcessMemory request was completed. (0x12B)
[0406/151705.129:ERROR:process_memory_win.cc(73)] ReadMemory at 0x2a5f0ba6430 of 64 bytes failed: Only part of a ReadProcessMemory or WriteProcessMemory request was completed. (0x12B)
[0406/151705.129:ERROR:process_memory_win.cc(73)] ReadMemory at 0x2a5f0ba6520 of 60 bytes failed: Only part of a ReadProcessMemory or WriteProcessMemory request was completed. (0x12B)
[0406/151705.129:ERROR:process_memory_win.cc(73)] ReadMemory at 0x2a5f0ba65c0 of 58 bytes failed: Only part of a ReadProcessMemory or WriteProcessMemory request was completed. (0x12B)
[0406/151705.129:ERROR:process_memory_win.cc(73)] ReadMemory at 0x2a5f0ba6610 of 66 bytes failed: Only part of a ReadProcessMemory or WriteProcessMemory request was completed. (0x12B)
[0406/151705.130:ERROR:process_memory_win.cc(73)] ReadMemory at 0x2a5f0ba6660 of 60 bytes failed: Only part of a ReadProcessMemory or WriteProcessMemory request was completed. (0x12B)
[0406/151705.130:ERROR:process_memory_win.cc(73)] ReadMemory at 0x2a5f0ba6750 of 62 bytes failed: Only part of a ReadProcessMemory or WriteProcessMemory request was completed. (0x12B)
[0406/151705.130:ERROR:process_memory_win.cc(73)] ReadMemory at 0x2a5f0ba67f0 of 62 bytes failed: Only part of a ReadProcessMemory or WriteProcessMemory request was completed. (0x12B)
[0406/151705.130:ERROR:process_memory_win.cc(73)] ReadMemory at 0x2a5f0ba6980 of 62 bytes failed: Only part of a ReadProcessMemory or WriteProcessMemory request was completed. (0x12B)
[0406/151705.130:ERROR:process_memory_win.cc(73)] ReadMemory at 0x2a5f0ba6a20 of 62 bytes failed: Only part of a ReadProcessMemory or WriteProcessMemory request was completed. (0x12B)
[0406/151705.130:ERROR:process_memory_win.cc(73)] ReadMemory at 0x2a5f0ba6a70 of 62 bytes failed: Only part of a ReadProcessMemory or WriteProcessMemory request was completed. (0x12B)
[0406/151705.130:ERROR:process_memory_win.cc(73)] ReadMemory at 0x2a5f0ba6ac0 of 60 bytes failed: Only part of a ReadProcessMemory or WriteProcessMemory request was completed. (0x12B)
[0406/151705.130:ERROR:process_memory_win.cc(73)] ReadMemory at 0x2a5f0ba6bb0 of 60 bytes failed: Only part of a ReadProcessMemory or WriteProcessMemory request was completed. (0x12B)
[0406/151705.130:ERROR:process_memory_win.cc(73)] ReadMemory at 0x2a5f0ba6c50 of 62 bytes failed: Only part of a ReadProcessMemory or WriteProcessMemory request was completed. (0x12B)
[0406/151705.130:ERROR:process_memory_win.cc(73)] ReadMemory at 0x2a5f0ba7160 of 132 bytes failed: Only part of a ReadProcessMemory or WriteProcessMemory request was completed. (0x12B)
[0406/151705.130:ERROR:process_memory_win.cc(73)] ReadMemory at 0x2a5f0ba7290 of 132 bytes failed: Only part of a ReadProcessMemory or WriteProcessMemory request was completed. (0x12B)
[0406/151705.130:ERROR:process_memory_win.cc(73)] ReadMemory at 0x2a5f0ba74f0 of 132 bytes failed: Only part of a ReadProcessMemory or WriteProcessMemory request was completed. (0x12B)
[0406/151705.130:ERROR:process_memory_win.cc(73)] ReadMemory at 0x2a5f0ba7620 of 132 bytes failed: Only part of a ReadProcessMemory or WriteProcessMemory request was completed. (0x12B)
[0406/151705.130:ERROR:process_memory_win.cc(73)] ReadMemory at 0x2a5f0ba7750 of 132 bytes failed: Only part of a ReadProcessMemory or WriteProcessMemory request was completed. (0x12B)
[0406/151705.130:ERROR:process_memory_win.cc(73)] ReadMemory at 0x2a5f0ba7880 of 132 bytes failed: Only part of a ReadProcessMemory or WriteProcessMemory request was completed. (0x12B)
[0406/151705.130:ERROR:process_memory_win.cc(73)] ReadMemory at 0x2a5f0ba79b0 of 132 bytes failed: Only part of a ReadProcessMemory or WriteProcessMemory request was completed. (0x12B)
[0406/151705.131:ERROR:process_memory_win.cc(73)] ReadMemory at 0x2a5f0ba7ae0 of 132 bytes failed: Only part of a ReadProcessMemory or WriteProcessMemory request was completed. (0x12B)
[0406/151705.131:ERROR:process_memory_win.cc(73)] ReadMemory at 0x2a5f0ba7c10 of 132 bytes failed: Only part of a ReadProcessMemory or WriteProcessMemory request was completed. (0x12B)
[0406/151705.131:ERROR:process_memory_win.cc(73)] ReadMemory at 0x2a5f0ba7d40 of 132 bytes failed: Only part of a ReadProcessMemory or WriteProcessMemory request was completed. (0x12B)
[0406/151705.131:ERROR:process_memory_win.cc(73)] ReadMemory at 0x2a5f0ba7e70 of 132 bytes failed: Only part of a ReadProcessMemory or WriteProcessMemory request was completed. (0x12B)
[0406/151705.131:ERROR:process_memory_win.cc(73)] ReadMemory at 0x2a5f0ba7fa0 of 132 bytes failed: Only part of a ReadProcessMemory or WriteProcessMemory request was completed. (0x12B)
[0406/151705.131:ERROR:process_memory_win.cc(73)] ReadMemory at 0x2a5f0ba8200 of 132 bytes failed: Only part of a ReadProcessMemory or WriteProcessMemory request was completed. (0x12B)
[0406/151705.131:ERROR:process_memory_win.cc(73)] ReadMemory at 0x2a5f0ba8460 of 132 bytes failed: Only part of a ReadProcessMemory or WriteProcessMemory request was completed. (0x12B)
[0406/151705.131:ERROR:process_memory_win.cc(73)] ReadMemory at 0x2a5f0ba8590 of 132 bytes failed: Only part of a ReadProcessMemory or WriteProcessMemory request was completed. (0x12B)
[0406/151705.131:ERROR:process_memory_win.cc(73)] ReadMemory at 0x2a5f0ba86c0 of 132 bytes failed: Only part of a ReadProcessMemory or WriteProcessMemory request was completed. (0x12B)
[0406/151705.131:ERROR:process_memory_win.cc(73)] ReadMemory at 0x2a5f0ba87f0 of 132 bytes failed: Only part of a ReadProcessMemory or WriteProcessMemory request was completed. (0x12B)
[0406/151705.131:ERROR:process_memory_win.cc(73)] ReadMemory at 0x2a5f0ba8920 of 132 bytes failed: Only part of a ReadProcessMemory or WriteProcessMemory request was completed. (0x12B)
[0406/151705.131:ERROR:process_memory_win.cc(73)] ReadMemory at 0x2a5f0ba8a50 of 132 bytes failed: Only part of a ReadProcessMemory or WriteProcessMemory request was completed. (0x12B)
[0406/151705.131:ERROR:process_memory_win.cc(73)] ReadMemory at 0x2a5f0ba8b80 of 132 bytes failed: Only part of a ReadProcessMemory or WriteProcessMemory request was completed. (0x12B)
[0406/151705.131:ERROR:process_memory_win.cc(73)] ReadMemory at 0x2a5f0ba8cb0 of 132 bytes failed: Only part of a ReadProcessMemory or WriteProcessMemory request was completed. (0x12B)
[0406/151705.131:ERROR:process_memory_win.cc(73)] ReadMemory at 0x2a5f0bbbee0 of 58 bytes failed: Only part of a ReadProcessMemory or WriteProcessMemory request was completed. (0x12B)
[0406/151705.131:ERROR:process_memory_win.cc(73)] ReadMemory at 0x2a5f0bbc200 of 58 bytes failed: Only part of a ReadProcessMemory or WriteProcessMemory request was completed. (0x12B)
[0406/151705.132:ERROR:process_memory_win.cc(73)] ReadMemory at 0x2a5f0bbc340 of 62 bytes failed: Only part of a ReadProcessMemory or WriteProcessMemory request was completed. (0x12B)
[0406/151705.132:ERROR:process_memory_win.cc(73)] ReadMemory at 0x2a5f0bbc390 of 62 bytes failed: Only part of a ReadProcessMemory or WriteProcessMemory request was completed. (0x12B)
[0406/151705.132:ERROR:process_memory_win.cc(73)] ReadMemory at 0x2a5f0bbc520 of 58 bytes failed: Only part of a ReadProcessMemory or WriteProcessMemory request was completed. (0x12B)
[0406/151705.132:ERROR:process_memory_win.cc(73)] ReadMemory at 0x2a5f0bbc750 of 60 bytes failed: Only part of a ReadProcessMemory or WriteProcessMemory request was completed. (0x12B)
[0406/151705.132:ERROR:process_memory_win.cc(73)] ReadMemory at 0x2a5f0bbcb10 of 60 bytes failed: Only part of a ReadProcessMemory or WriteProcessMemory request was completed. (0x12B)
[0406/151705.132:ERROR:process_memory_win.cc(73)] ReadMemory at 0x2a5f0bbcca0 of 66 bytes failed: Only part of a ReadProcessMemory or WriteProcessMemory request was completed. (0x12B)
[0406/151705.132:ERROR:process_memory_win.cc(73)] ReadMemory at 0x2a5f0bcbad0 of 512 bytes failed: Only part of a ReadProcessMemory or WriteProcessMemory request was completed. (0x12B)
[0406/151705.132:ERROR:process_memory_win.cc(73)] ReadMemory at 0x2a5f0bcd0e0 of 512 bytes failed: Only part of a ReadProcessMemory or WriteProcessMemory request was completed. (0x12B)
[0406/151705.132:ERROR:process_memory_win.cc(73)] ReadMemory at 0x2a5f0f11f00 of 512 bytes failed: Only part of a ReadProcessMemory or WriteProcessMemory request was completed. (0x12B)
[0406/151705.132:ERROR:process_memory_win.cc(73)] ReadMemory at 0x2a5f1020000 of 384 bytes failed: Only part of a ReadProcessMemory or WriteProcessMemory request was completed. (0x12B)
[0406/151705.132:ERROR:process_memory_win.cc(73)] ReadMemory at 0x2a5f10aa5d0 of 512 bytes failed: Only part of a ReadProcessMemory or WriteProcessMemory request was completed. (0x12B)
[0406/151705.132:ERROR:process_memory_win.cc(73)] ReadMemory at 0x2a5f10c1f10 of 512 bytes failed: Only part of a ReadProcessMemory or WriteProcessMemory request was completed. (0x12B)
[0406/151705.132:ERROR:process_memory_win.cc(73)] ReadMemory at 0x2a5f10c6dc0 of 512 bytes failed: Only part of a ReadProcessMemory or WriteProcessMemory request was completed. (0x12B)
[0406/151705.132:ERROR:process_memory_win.cc(73)] ReadMemory at 0x2a5f10c8580 of 512 bytes failed: Only part of a ReadProcessMemory or WriteProcessMemory request was completed. (0x12B)
[0406/151705.132:ERROR:process_memory_win.cc(73)] ReadMemory at 0x2a5f10e26b0 of 512 bytes failed: Only part of a ReadProcessMemory or WriteProcessMemory request was completed. (0x12B)
[0406/151705.132:ERROR:process_memory_win.cc(73)] ReadMemory at 0x2a5f10eb1e0 of 736 bytes failed: Only part of a ReadProcessMemory or WriteProcessMemory request was completed. (0x12B)
[0406/151705.133:ERROR:process_memory_win.cc(73)] ReadMemory at 0x2a5f10ef5d0 of 512 bytes failed: Only part of a ReadProcessMemory or WriteProcessMemory request was completed. (0x12B)
[0406/151705.133:ERROR:process_memory_win.cc(73)] ReadMemory at 0x2a5f1105938 of 512 bytes failed: Only part of a ReadProcessMemory or WriteProcessMemory request was completed. (0x12B)
[0406/151705.133:ERROR:process_memory_win.cc(73)] ReadMemory at 0x2a5f1106f28 of 656 bytes failed: Only part of a ReadProcessMemory or WriteProcessMemory request was completed. (0x12B)
[0406/151705.133:ERROR:process_memory_win.cc(73)] ReadMemory at 0x2a5f11074c8 of 512 bytes failed: Only part of a ReadProcessMemory or WriteProcessMemory request was completed. (0x12B)
[0406/151705.133:ERROR:process_memory_win.cc(73)] ReadMemory at 0x2a5f1161450 of 512 bytes failed: Only part of a ReadProcessMemory or WriteProcessMemory request was completed. (0x12B)
[0406/151705.133:ERROR:process_memory_win.cc(73)] ReadMemory at 0x2a5f316e950 of 512 bytes failed: Only part of a ReadProcessMemory or WriteProcessMemory request was completed. (0x12B)
[0406/151705.133:ERROR:process_memory_win.cc(73)] ReadMemory at 0x2a5f3171018 of 512 bytes failed: Only part of a ReadProcessMemory or WriteProcessMemory request was completed. (0x12B)
[0406/151705.133:ERROR:process_memory_win.cc(73)] ReadMemory at 0x2a5f317df50 of 512 bytes failed: Only part of a ReadProcessMemory or WriteProcessMemory request was completed. (0x12B)
[0406/151705.133:ERROR:process_memory_win.cc(73)] ReadMemory at 0x2a5f3214c58 of 512 bytes failed: Only part of a ReadProcessMemory or WriteProcessMemory request was completed. (0x12B)
[0406/151705.133:ERROR:process_memory_win.cc(73)] ReadMemory at 0x2a5f321e4f0 of 512 bytes failed: Only part of a ReadProcessMemory or WriteProcessMemory request was completed. (0x12B)
[0406/151705.133:ERROR:process_memory_win.cc(73)] ReadMemory at 0x2a5f324db80 of 512 bytes failed: Only part of a ReadProcessMemory or WriteProcessMemory request was completed. (0x12B)
[0406/151705.133:ERROR:process_memory_win.cc(73)] ReadMemory at 0x2a5f3282958 of 512 bytes failed: Only part of a ReadProcessMemory or WriteProcessMemory request was completed. (0x12B)
[0406/151705.133:ERROR:process_memory_win.cc(73)] ReadMemory at 0x2a5f333edf0 of 512 bytes failed: Only part of a ReadProcessMemory or WriteProcessMemory request was completed. (0x12B)
[0406/151705.133:ERROR:process_memory_win.cc(73)] ReadMemory at 0x2a5f36dd810 of 512 bytes failed: Only part of a ReadProcessMemory or WriteProcessMemory request was completed. (0x12B)
[0406/151705.133:ERROR:process_memory_win.cc(73)] ReadMemory at 0x2a5f38b3b10 of 512 bytes failed: Only part of a ReadProcessMemory or WriteProcessMemory request was completed. (0x12B)
[0406/151705.133:ERROR:process_memory_win.cc(73)] ReadMemory at 0x2a5f3afe587 of 512 bytes failed: Only part of a ReadProcessMemory or WriteProcessMemory request was completed. (0x12B)
[0406/151705.133:ERROR:process_memory_win.cc(73)] ReadMemory at 0x2a5f3db31f0 of 512 bytes failed: Only part of a ReadProcessMemory or WriteProcessMemory request was completed. (0x12B)
[0406/151705.134:ERROR:process_memory_win.cc(73)] ReadMemory at 0x7ffb8c97038c of 512 bytes failed: Only part of a ReadProcessMemory or WriteProcessMemory request was completed. (0x12B)
[0406/151705.134:ERROR:process_memory_win.cc(73)] ReadMemory at 0x7ffbeaf2a7d9 of 512 bytes failed: Only part of a ReadProcessMemory or WriteProcessMemory request was completed. (0x12B)
[0406/151705.134:ERROR:process_memory_win.cc(73)] ReadMemory at 0x7ffbeb15b720 of 512 bytes failed: Only part of a ReadProcessMemory or WriteProcessMemory request was completed. (0x12B)
[0406/151705.134:ERROR:process_memory_win.cc(73)] ReadMemory at 0x7ffbedbfc0c4 of 672 bytes failed: Only part of a ReadProcessMemory or WriteProcessMemory request was completed. (0x12B)
[0406/151705.134:ERROR:process_memory_win.cc(73)] ReadMemory at 0x7ffbedbfc6c4 of 512 bytes failed: Only part of a ReadProcessMemory or WriteProcessMemory request was completed. (0x12B)
[0406/151705.134:ERROR:process_memory_win.cc(73)] ReadMemory at 0x7ffbedbff974 of 608 bytes failed: Only part of a ReadProcessMemory or WriteProcessMemory request was completed. (0x12B)
[0406/151705.134:ERROR:process_memory_win.cc(73)] ReadMemory at 0x7ffbedc8c428 of 18 bytes failed: Only part of a ReadProcessMemory or WriteProcessMemory request was completed. (0x12B)
[0406/151705.134:ERROR:process_memory_win.cc(73)] ReadMemory at 0x7ffbedcbf4f8 of 40 bytes failed: Only part of a ReadProcessMemory or WriteProcessMemory request was completed. (0x12B)
[0406/151705.134:ERROR:process_memory_win.cc(73)] ReadMemory at 0x7ffbedcbf978 of 48 bytes failed: Only part of a ReadProcessMemory or WriteProcessMemory request was completed. (0x12B)
[0406/151705.134:ERROR:process_memory_win.cc(73)] ReadMemory at 0x7ffbedcc53c0 of 64 bytes failed: Only part of a ReadProcessMemory or WriteProcessMemory request was completed. (0x12B)
[0406/151705.135:ERROR:scoped_process_suspend.cc(40)] NtResumeProcess: An attempt was made to access an exiting process. (0xc000010a)
